Building DAG of jobs...
Using shell: /usr/bin/bash
Provided cores: 1 (use --cores to define parallelism)
Rules claiming more threads will be scaled down.
Job stats:
job               count
--------------  -------
visualize_data        1
total                 1

Select jobs to execute...

[Sat Nov 30 16:19:20 2024]
rule visualize_data:
    input: clean/processed_data_output.tsv
    output: graph/word_frequency_trend.png
    jobid: 0
    reason: Missing output files: graph/word_frequency_trend.png
    resources: tmpdir=/tmp

[Sat Nov 30 16:19:20 2024]
Error in rule visualize_data:
    jobid: 0
    input: clean/processed_data_output.tsv
    output: graph/word_frequency_trend.png

RuleException:
WorkflowError in file /home/jenny/AHDS_assessment_code_2670745/snakefile, line 55:
Failed to open source file /home/jenny/AHDS_assessment_code_2670745/
        Rscript scripts/visualisation.R
        
FileNotFoundError: [Errno 2] No such file or directory: '/home/jenny/AHDS_assessment_code_2670745/\n        Rscript scripts/visualisation.R\n        '
  File "/home/jenny/AHDS_assessment_code_2670745/snakefile", line 55, in __rule_visualize_data
  File "/home/jenny/miniconda3/envs/AHDS_env/lib/python3.9/concurrent/futures/thread.py", line 58, in run
Shutting down, this might take some time.
Exiting because a job execution failed. Look above for error message
Complete log: .snakemake/log/2024-11-30T161919.331907.snakemake.log
