Building DAG of jobs...
Using shell: /usr/bin/bash
Provided cores: 1 (use --cores to define parallelism)
Rules claiming more threads will be scaled down.
Job stats:
job               count
--------------  -------
process_titles        1
total                 1

Select jobs to execute...

[Sat Nov 30 16:19:53 2024]
rule process_titles:
    input: clean/processed_data.tsv
    output: clean/processed_data_output.tsv
    jobid: 0
    reason: Missing output files: clean/processed_data_output.tsv
    resources: tmpdir=/tmp

[Sat Nov 30 16:19:55 2024]
Finished job 0.
1 of 1 steps (100%) done
Complete log: .snakemake/log/2024-11-30T161952.690650.snakemake.log
