Building DAG of jobs...
Using shell: /usr/bin/bash
Provided cores: 1 (use --cores to define parallelism)
Rules claiming more threads will be scaled down.
Job stats:
job               count
--------------  -------
all                   1
download_data         1
process_data          1
process_titles        1
visualize_data        1
total                 5

Select jobs to execute...

[Sat Nov 30 20:51:23 2024]
rule download_data:
    output: raw/pmid_list.txt
    jobid: 1
    reason: Missing output files: raw/pmid_list.txt
    resources: tmpdir=/tmp

[Sat Nov 30 23:41:46 2024]
Finished job 1.
1 of 5 steps (20%) done
Select jobs to execute...

[Sat Nov 30 23:41:46 2024]
rule process_data:
    input: raw/pmid_list.txt
    output: clean/processed_data.tsv
    jobid: 2
    reason: Missing output files: clean/processed_data.tsv; Input files updated by another job: raw/pmid_list.txt
    resources: tmpdir=/tmp

[Sat Nov 30 23:53:45 2024]
Finished job 2.
2 of 5 steps (40%) done
Select jobs to execute...

[Sat Nov 30 23:53:45 2024]
rule process_titles:
    input: clean/processed_data.tsv
    output: clean/processed_data_output.tsv
    jobid: 3
    reason: Missing output files: clean/processed_data_output.tsv; Input files updated by another job: clean/processed_data.tsv
    resources: tmpdir=/tmp

[Sat Nov 30 23:53:50 2024]
Finished job 3.
3 of 5 steps (60%) done
Select jobs to execute...

[Sat Nov 30 23:53:50 2024]
rule visualize_data:
    input: clean/processed_data_output.tsv
    output: graph/word_frequency_trend.png
    jobid: 4
    reason: Missing output files: graph/word_frequency_trend.png; Input files updated by another job: clean/processed_data_output.tsv
    resources: tmpdir=/tmp

[Sat Nov 30 23:53:55 2024]
Finished job 4.
4 of 5 steps (80%) done
Select jobs to execute...

[Sat Nov 30 23:53:55 2024]
localrule all:
    input: raw/pmid_list.txt, clean/processed_data.tsv, clean/processed_data_output.tsv, graph/word_frequency_trend.png
    jobid: 0
    reason: Input files updated by another job: raw/pmid_list.txt, graph/word_frequency_trend.png, clean/processed_data_output.tsv, clean/processed_data.tsv
    resources: tmpdir=/tmp

[Sat Nov 30 23:53:55 2024]
Finished job 0.
5 of 5 steps (100%) done
Complete log: .snakemake/log/2024-11-30T205120.510964.snakemake.log
